<?xml version="1.0" encoding="UTF-8"?>
<testsuite xmlns:xsi="http://www.w3.org/2001/XMLSchema-instance" xsi:noNamespaceSchemaLocation="https://maven.apache.org/surefire/maven-surefire-plugin/xsd/surefire-test-report-3.0.xsd" version="3.0" name="com.assignement.coding.AssignmentApplicationTests" time="1.966" tests="1" errors="0" skipped="0" failures="0">
  <properties>
[...]
</properties>
  <testcase name="contextLoads" classname="com.assignement.coding.AssignmentApplicationTests" time="0.007">
    <system-out><![CDATA[16:54:02.299 [main] INFO org.springframework.test.context.support.AnnotationConfigContextLoaderUtils -- Could not detect default configuration classes for test class [com.assignement.coding.AssignmentApplicationTests]: AssignmentApplicationTests does not declare any static, non-private, non-final, nested classes annotated with @Configuration.
16:54:02.350 [main] INFO org.springframework.boot.test.context.SpringBootTestContextBootstrapper -- Found @SpringBootConfiguration com.assignement.coding.AssignmentApplication for test class com.assignement.coding.AssignmentApplicationTests

  .   ____          _            __ _ _
 /\\ / ___'_ __ _ _(_)_ __  __ _ \ \ \ \
( ( )\___ | '_ | '_| | '_ \/ _` | \ \ \ \
 \\/  ___)| |_)| | | | | || (_| |  ) ) ) )
  '  |____| .__|_| |_|_| |_\__, | / / / /
 =========|_|==============|___/=/_/_/_/

 :: Spring Boot ::                (v3.4.4)

2025-04-13T16:54:02.531+08:00  INFO 69240 --- [codingassignment] [           main] c.a.coding.AssignmentApplicationTests    : Starting AssignmentApplicationTests using Java 23.0.2 with PID 69240 (started by austinwu in /Users/austinwu/Documents/projects/java/codingassignment)
2025-04-13T16:54:02.532+08:00  INFO 69240 --- [codingassignment] [           main] c.a.coding.AssignmentApplicationTests    : No active profile set, falling back to 1 default profile: "default"
2025-04-13T16:54:02.791+08:00  INFO 69240 --- [codingassignment] [           main] .s.d.r.c.RepositoryConfigurationDelegate : Bootstrapping Spring Data JPA repositories in DEFAULT mode.
2025-04-13T16:54:02.816+08:00  INFO 69240 --- [codingassignment] [           main] .s.d.r.c.RepositoryConfigurationDelegate : Finished Spring Data repository scanning in 20 ms. Found 1 JPA repository interface.
2025-04-13T16:54:03.030+08:00  INFO 69240 --- [codingassignment] [           main] com.zaxxer.hikari.HikariDataSource       : HikariPool-1 - Starting...
2025-04-13T16:54:03.252+08:00  INFO 69240 --- [codingassignment] [           main] com.zaxxer.hikari.pool.HikariPool        : HikariPool-1 - Added connection com.mysql.cj.jdbc.ConnectionImpl@2ae07dbd
2025-04-13T16:54:03.253+08:00  INFO 69240 --- [codingassignment] [           main] com.zaxxer.hikari.HikariDataSource       : HikariPool-1 - Start completed.
2025-04-13T16:54:03.283+08:00  INFO 69240 --- [codingassignment] [           main] org.flywaydb.core.FlywayExecutor         : Database: jdbc:mysql://localhost:3306/book?createDatabaseIfNotExist=true (MySQL 9.2)
2025-04-13T16:54:03.296+08:00  WARN 69240 --- [codingassignment] [           main] o.f.c.internal.database.base.Database    : Flyway upgrade recommended: MySQL 9.2 is newer than this version of Flyway and support has not been tested. The latest supported version of MySQL is 8.1.
2025-04-13T16:54:03.317+08:00  INFO 69240 --- [codingassignment] [           main] o.f.core.internal.command.DbValidate     : Successfully validated 1 migration (execution time 00:00.016s)
2025-04-13T16:54:03.329+08:00  INFO 69240 --- [codingassignment] [           main] o.f.core.internal.command.DbMigrate      : Current version of schema `book`: 1
2025-04-13T16:54:03.331+08:00  INFO 69240 --- [codingassignment] [           main] o.f.core.internal.command.DbMigrate      : Schema `book` is up to date. No migration necessary.
2025-04-13T16:54:03.383+08:00  INFO 69240 --- [codingassignment] [           main] o.hibernate.jpa.internal.util.LogHelper  : HHH000204: Processing PersistenceUnitInfo [name: default]
2025-04-13T16:54:03.413+08:00  INFO 69240 --- [codingassignment] [           main] org.hibernate.Version                    : HHH000412: Hibernate ORM core version 6.6.11.Final
2025-04-13T16:54:03.429+08:00  INFO 69240 --- [codingassignment] [           main] o.h.c.internal.RegionFactoryInitiator    : HHH000026: Second-level cache disabled
2025-04-13T16:54:03.492+08:00  INFO 69240 --- [codingassignment] [           main] o.s.o.j.p.SpringPersistenceUnitInfo      : No LoadTimeWeaver setup: ignoring JPA class transformer
2025-04-13T16:54:03.546+08:00  INFO 69240 --- [codingassignment] [           main] org.hibernate.orm.connections.pooling    : HHH10001005: Database info:
	Database JDBC URL [Connecting through datasource 'HikariDataSource (HikariPool-1)']
	Database driver: undefined/unknown
	Database version: 9.2
	Autocommit mode: undefined/unknown
	Isolation level: undefined/unknown
	Minimum pool size: undefined/unknown
	Maximum pool size: undefined/unknown
2025-04-13T16:54:03.890+08:00  INFO 69240 --- [codingassignment] [           main] o.h.e.t.j.p.i.JtaPlatformInitiator       : HHH000489: No JTA platform available (set 'hibernate.transaction.jta.platform' to enable JTA platform integration)
2025-04-13T16:54:03.891+08:00  INFO 69240 --- [codingassignment] [           main] j.LocalContainerEntityManagerFactoryBean : Initialized JPA EntityManagerFactory for persistence unit 'default'
2025-04-13T16:54:04.109+08:00  WARN 69240 --- [codingassignment] [           main] JpaBaseConfiguration$JpaWebConfiguration : spring.jpa.open-in-view is enabled by default. Therefore, database queries may be performed during view rendering. Explicitly configure spring.jpa.open-in-view to disable this warning
2025-04-13T16:54:04.241+08:00  INFO 69240 --- [codingassignment] [           main] c.a.coding.AssignmentApplicationTests    : Started AssignmentApplicationTests in 1.854 seconds (process running for 3.264)
]]></system-out>
  </testcase>
</testsuite>